<?xml version="1.0" encoding="UTF-8"?>
<!-- Generated by org.testng.reporters.JUnitXMLReporter -->
<testsuite ignored="0" hostname="DESKTOP-D068G7Q" failures="0" tests="3" name="Test" time="230.877" errors="0" timestamp="2021-11-07T03:01:18 WAT">
  <testcase classname="testCases.Login" name="login" time="40.197"/>
  <testcase classname="testCases.PurchaseAirtime" name="buyAirtime" time="76.844"/>
  <testcase classname="testCases.FundWallet" name="fundWallet" time="57.848"/>
</testsuite> <!-- Test -->
